
----------------------------------------------------
Checking strings for cn (verbose level 1)
Error reports verbosity levels:
  No-default strings: ..... translated (1) commented (2)
  Non-translatable strings: translated (1) commented (2)
  Commented strings: ...... translated (1)
  Untranslated strings: ... missing (1)    todo (2)      commented (3)
  Copied strings: ......... non-copyable (1), copyable (2)
----------------------------------------------------


cn strings without default:
Errors 0, Warnings 5, Total 5

EN string not-translatable that are translated:
Errors 0, Warnings 42, Total 42

EN string that are not translated:
bad_station string missing
calib_gm_policy string missing
Errors 2 + 39 + 5, Total 46

EN string that are copied:
pref_sap5_bit16_bug_title string copied sentence: SAP5 bit-16 bug
proj_focal string copied word: Focal
survey_splays_length string copied sentence:  Splays length: 
help_light_3d string copied sentence: Pan and light
Errors 3 possible, 1 maybe, Warnings 11, Total 15

Formats check:
bad_station (1) bad format 
Errors: 1, Total 1

EN strings 2030 cn strings 2011
Translated with no-default:  commented 5 - translated 0 
Translated non-translatable: commented 42 - translated 0 
Translated comment: 0 
Non-Translated: commented 5 missing 2 todo 39 
Copied: copyable 11 possibly copyable 1 non-copyable 3
Bad formats 1
TOTAL ERRORS: 47 / 3 [1]
