
----------------------------------------------------
Checking strings for hu (verbose level 1)
Error reports verbosity levels:
  No-default strings: ..... translated (1) commented (2)
  Non-translatable strings: translated (1) commented (2)
  Commented strings: ...... translated (1)
  Untranslated strings: ... missing (1)    todo (2)      commented (3)
  Copied strings: ......... non-copyable (1), copyable (2)
----------------------------------------------------


hu strings without default:
Errors 0, Warnings 7, Total 7

EN string not-translatable that are translated:
Errors 0, Warnings 42, Total 42

EN string that are not translated:
Errors 0 + 0 + 5, Total 5

EN string that are copied:
btn_export string copied word: Export
man_export string copied sentence: 13. Import/export
pref_cat_import_export string copied word: IMPORT_EXPORT
pref_cat_exportimport string copied word: IMPORT
pref_svg_program_title string copied sentence: SVG program
Errors 2 possible, 3 maybe, Warnings 18, Total 23

EN strings 2033 hu strings 2022
Translated with no-default:  commented 7 - translated 0 
Translated non-translatable: commented 42 - translated 0 
Translated comment: 0 
Non-Translated: commented 5 missing 0 todo 0 
Copied: copyable 18 possibly copyable 3 non-copyable 2
Bad formats 0
TOTAL ERRORS: 5 / 2 [3]
