
----------------------------------------------------
Checking strings for it (verbose level 1)
Error reports verbosity levels:
  No-default strings: ..... translated (1) commented (2)
  Non-translatable strings: translated (1) commented (2)
  Commented strings: ...... translated (1)
  Untranslated strings: ... missing (1)    todo (2)      commented (3)
  Copied strings: ......... non-copyable (1), copyable (2)
----------------------------------------------------


it strings without default:
Errors 0, Warnings 12, Total 12

EN string not-translatable that are translated:
Errors 0, Warnings 40, Total 40

EN string that are not translated:
bad_station string missing
Errors 1 + 8 + 5, Total 14

EN string that are copied:
outline string copied word: outline
out string copied word: out
pref_cat_exportimport string copied word: IMPORT
pref_backsight_title string copied word: Backsight
cbtn_bind string copied word: Rebind
Errors 0 possible, 5 maybe, Warnings 35, Total 40

Formats check:
bad_station (1) bad format 
Errors: 1, Total 1

EN strings 2030 it strings 2008
Translated with no-default:  commented 12 - translated 0 
Translated non-translatable: commented 40 - translated 0 
Translated comment: 0 
Non-Translated: commented 5 missing 1 todo 8 
Copied: copyable 35 possibly copyable 5 non-copyable 0
Bad formats 1
TOTAL ERRORS: 15 / 0 [5]
