
----------------------------------------------------
Checking strings for pt (verbose level 1)
Error reports verbosity levels:
  No-default strings: ..... translated (1) commented (2)
  Non-translatable strings: translated (1) commented (2)
  Commented strings: ...... translated (1)
  Untranslated strings: ... missing (1)    todo (2)      commented (3)
  Copied strings: ......... non-copyable (1), copyable (2)
----------------------------------------------------


pt strings without default:
Errors 0, Warnings 10, Total 10

EN string not-translatable that are translated:
cpref_delaunay_title not-translatable translated: Delaunay
Errors 1, Warnings 6, Total 7

EN string that are not translated:
cpref_convex_hull_title string missing
Errors 1 + 0 + 0, Total 1

EN string that are copied:
display_view string copied word: Display
walls_title string copied word: WALLS
cpref_convex_hull_summary string copied sentence: Convex hull walls
cpref_delaunay_summary string copied sentence: Delaunay walls
cpref_hull_title string copied word: Hull
cpref_hull_summary string copied sentence: Hull walls
Errors 3 possible, 3 maybe, Warnings 30, Total 36

EN strings 2030 pt strings 1989
Translated with no-default:  commented 10 - translated 0 
Translated non-translatable: commented 6 - translated 1 
Translated comment: 0 
Non-Translated: commented 0 missing 1 todo 0 
Copied: copyable 30 possibly copyable 3 non-copyable 3
Bad formats 0
TOTAL ERRORS: 2 / 3 [3]
