
----------------------------------------------------
Checking strings for ru (verbose level 1)
Error reports verbosity levels:
  No-default strings: ..... translated (1) commented (2)
  Non-translatable strings: translated (1) commented (2)
  Commented strings: ...... translated (1)
  Untranslated strings: ... missing (1)    todo (2)      commented (3)
  Copied strings: ......... non-copyable (1), copyable (2)
----------------------------------------------------


ru strings without default:
Errors 0, Warnings 13, Total 13

EN string not-translatable that are translated:
Errors 0, Warnings 40, Total 40

EN string that are not translated:
bad_station string missing
title_fixed_gps_logger string missing
pref_unit_grid_title string missing
Errors 3 + 0 + 5, Total 8

EN string that are copied:
pref_cat_cave3d string copied sentence: 3D VIEWER
pref_csv_eol_title string copied sentence: CSV eol
walls_convexhull string copied sentence: Convex Hull
walls_hull string copied word: Hull
help_sketch_3d string copied sentence: 3D sketch lifting
Errors 4 possible, 1 maybe, Warnings 12, Total 17

Formats check:
r_dialog () bad format 1
bad_station (1) bad format 
Errors: 2, Total 2

EN strings 2030 ru strings 2003
Translated with no-default:  commented 13 - translated 0 
Translated non-translatable: commented 40 - translated 0 
Translated comment: 0 
Non-Translated: commented 5 missing 3 todo 0 
Copied: copyable 12 possibly copyable 1 non-copyable 4
Bad formats 2
TOTAL ERRORS: 10 / 4 [1]
